<?xml version="1.0" encoding="UTF-8"?>
<testng-results skipped="0" failed="1" ignored="3" total="5" passed="1">
  <reporter-output>
  </reporter-output>
  <suite name="Default suite" duration-ms="37592" started-at="2018-04-08T09:04:37Z" finished-at="2018-04-08T09:05:15Z">
    <groups>
    </groups>
    <test name="Default test" duration-ms="37592" started-at="2018-04-08T09:04:37Z" finished-at="2018-04-08T09:05:15Z">
      <class name="Patients.Edit_patient_All">
        <test-method status="PASS" signature="beforeClass()[pri:0, instance:Patients.Edit_patient_All@1c7cbad]" name="beforeClass" is-config="true" duration-ms="15764" started-at="2018-04-08T14:34:37Z" finished-at="2018-04-08T14:34:53Z">
          <reporter-output>
          </reporter-output>
        </test-method> <!-- beforeClass -->
        <test-method status="PASS" signature="get_Clinic_List(java.lang.String, java.lang.String, java.lang.String)[pri:0, instance:Patients.Edit_patient_All@1c7cbad]" name="get_Clinic_List" duration-ms="18064" started-at="2018-04-08T14:34:53Z" data-provider="dp_Clinic_List" finished-at="2018-04-08T14:35:11Z">
          <params>
            <param index="0">
              <value>
                <![CDATA[08/04/2018]]>
              </value>
            </param>
            <param index="1">
              <value>
                <![CDATA[Ram Abc]]>
              </value>
            </param>
            <param index="2">
              <value>
                <![CDATA[test]]>
              </value>
            </param>
          </params>
          <reporter-output>
          </reporter-output>
        </test-method> <!-- get_Clinic_List -->
        <test-method status="FAIL" signature="Edit_Prescription(java.lang.String, java.lang.String, java.lang.String, java.lang.String, java.lang.String, java.lang.String, java.lang.String)[pri:2, instance:Patients.Edit_patient_All@1c7cbad]" name="Edit_Prescription" duration-ms="3701" started-at="2018-04-08T14:35:11Z" data-provider="dp_Edit_Prescription" finished-at="2018-04-08T14:35:15Z">
          <params>
            <param index="0">
              <value>
                <![CDATA[122/150]]>
              </value>
            </param>
            <param index="1">
              <value>
                <![CDATA[Disporine]]>
              </value>
            </param>
            <param index="2">
              <value>
                <![CDATA[e]]>
              </value>
            </param>
            <param index="3">
              <value>
                <![CDATA[after]]>
              </value>
            </param>
            <param index="4">
              <value>
                <![CDATA[4/5]]>
              </value>
            </param>
            <param index="5">
              <value>
                <![CDATA[take medicine with little hot water]]>
              </value>
            </param>
            <param index="6">
              <value>
                <![CDATA[Take a rest]]>
              </value>
            </param>
          </params>
          <exception class="org.openqa.selenium.NoSuchElementException">
            <message>
              <![CDATA[An element could not be located on the page using the given search parameters. (WARNING: The server did not provide any stacktrace information)
Command duration or timeout: 275 milliseconds
For documentation on this error, please visit: http://seleniumhq.org/exceptions/no_such_element.html
Build info: version: '3.4.0', revision: 'unknown', time: 'unknown'
System info: host: 'ABHI-PC', ip: '192.168.1.103', os.name: 'Windows 7', os.arch: 'x86', os.version: '6.1', java.version: '1.8.0_131'
Driver info: io.appium.java_client.android.AndroidDriver
Capabilities [{appPackage=innomationtech.doctoplus.doctor, networkConnectionEnabled=true, warnings={}, databaseEnabled=false, deviceName=192.168.1.102:5555, platform=LINUX, appActivity=activity.LoginActivity, desired={appPackage=innomationtech.doctoplus.doctor, appActivity=activity.LoginActivity, BROWSER_NAME=Android, VERSION=4.4.2, takesScreenshot=true, platformName=Android, deviceName=Itg Guru (SM-G350E)}, platformVersion=5.1, BROWSER_NAME=Android, webStorageEnabled=false, locationContextEnabled=false, VERSION=4.4.2, browserName=Android, takesScreenshot=true, javascriptEnabled=true, platformName=Android}]
Session ID: 4c6a0c2f-7969-4351-a81c-e8e6f0b0efff
*** Element info: {Using=id, value=btn_bp}]]>
            </message>
            <full-stacktrace>
              <![CDATA[org.openqa.selenium.NoSuchElementException: An element could not be located on the page using the given search parameters. (WARNING: The server did not provide any stacktrace information)
Command duration or timeout: 275 milliseconds
For documentation on this error, please visit: http://seleniumhq.org/exceptions/no_such_element.html
Build info: version: '3.4.0', revision: 'unknown', time: 'unknown'
System info: host: 'ABHI-PC', ip: '192.168.1.103', os.name: 'Windows 7', os.arch: 'x86', os.version: '6.1', java.version: '1.8.0_131'
Driver info: io.appium.java_client.android.AndroidDriver
Capabilities [{appPackage=innomationtech.doctoplus.doctor, networkConnectionEnabled=true, warnings={}, databaseEnabled=false, deviceName=192.168.1.102:5555, platform=LINUX, appActivity=activity.LoginActivity, desired={appPackage=innomationtech.doctoplus.doctor, appActivity=activity.LoginActivity, BROWSER_NAME=Android, VERSION=4.4.2, takesScreenshot=true, platformName=Android, deviceName=Itg Guru (SM-G350E)}, platformVersion=5.1, BROWSER_NAME=Android, webStorageEnabled=false, locationContextEnabled=false, VERSION=4.4.2, browserName=Android, takesScreenshot=true, javascriptEnabled=true, platformName=Android}]
Session ID: 4c6a0c2f-7969-4351-a81c-e8e6f0b0efff
*** Element info: {Using=id, value=btn_bp}
	at sun.reflect.NativeConstructorAccessorImpl.newInstance0(Native Method)
	at sun.reflect.NativeConstructorAccessorImpl.newInstance(Unknown Source)
	at sun.reflect.DelegatingConstructorAccessorImpl.newInstance(Unknown Source)
	at java.lang.reflect.Constructor.newInstance(Unknown Source)
	at org.openqa.selenium.remote.ErrorHandler.createThrowable(ErrorHandler.java:215)
	at org.openqa.selenium.remote.ErrorHandler.throwIfResponseFailed(ErrorHandler.java:167)
	at org.openqa.selenium.remote.RemoteWebDriver.execute(RemoteWebDriver.java:671)
	at io.appium.java_client.DefaultGenericMobileDriver.execute(DefaultGenericMobileDriver.java:42)
	at io.appium.java_client.AppiumDriver.execute(AppiumDriver.java:1)
	at io.appium.java_client.android.AndroidDriver.execute(AndroidDriver.java:1)
	at org.openqa.selenium.remote.RemoteWebDriver.findElement(RemoteWebDriver.java:410)
	at io.appium.java_client.DefaultGenericMobileDriver.findElement(DefaultGenericMobileDriver.java:62)
	at io.appium.java_client.AppiumDriver.findElement(AppiumDriver.java:1)
	at io.appium.java_client.android.AndroidDriver.findElement(AndroidDriver.java:1)
	at org.openqa.selenium.remote.RemoteWebDriver.findElementById(RemoteWebDriver.java:453)
	at io.appium.java_client.DefaultGenericMobileDriver.findElementById(DefaultGenericMobileDriver.java:70)
	at io.appium.java_client.AppiumDriver.findElementById(AppiumDriver.java:1)
	at io.appium.java_client.android.AndroidDriver.findElementById(AndroidDriver.java:1)
	at org.openqa.selenium.By$ById.findElement(By.java:218)
	at org.openqa.selenium.remote.RemoteWebDriver.findElement(RemoteWebDriver.java:402)
	at io.appium.java_client.DefaultGenericMobileDriver.findElement(DefaultGenericMobileDriver.java:58)
	at io.appium.java_client.AppiumDriver.findElement(AppiumDriver.java:1)
	at io.appium.java_client.android.AndroidDriver.findElement(AndroidDriver.java:1)
	at Attendants.Define.getElement(Define.java:81)
	at Attendants.Define.click(Define.java:77)
	at Patients.Edit_patient_All.Edit_Prescription(Edit_patient_All.java:154)
	at sun.reflect.NativeMethodAccessorImpl.invoke0(Native Method)
	at sun.reflect.NativeMethodAccessorImpl.invoke(Unknown Source)
	at sun.reflect.DelegatingMethodAccessorImpl.invoke(Unknown Source)
	at java.lang.reflect.Method.invoke(Unknown Source)
	at org.testng.internal.MethodInvocationHelper.invokeMethod(MethodInvocationHelper.java:108)
	at org.testng.internal.Invoker.invokeMethod(Invoker.java:661)
	at org.testng.internal.Invoker.invokeTestMethod(Invoker.java:869)
	at org.testng.internal.Invoker.invokeTestMethods(Invoker.java:1193)
	at org.testng.internal.TestMethodWorker.invokeTestMethods(TestMethodWorker.java:126)
	at org.testng.internal.TestMethodWorker.run(TestMethodWorker.java:109)
	at org.testng.TestRunner.privateRun(TestRunner.java:744)
	at org.testng.TestRunner.run(TestRunner.java:602)
	at org.testng.SuiteRunner.runTest(SuiteRunner.java:380)
	at org.testng.SuiteRunner.runSequentially(SuiteRunner.java:375)
	at org.testng.SuiteRunner.privateRun(SuiteRunner.java:340)
	at org.testng.SuiteRunner.run(SuiteRunner.java:289)
	at org.testng.SuiteRunnerWorker.runSuite(SuiteRunnerWorker.java:52)
	at org.testng.SuiteRunnerWorker.run(SuiteRunnerWorker.java:86)
	at org.testng.TestNG.runSuitesSequentially(TestNG.java:1301)
	at org.testng.TestNG.runSuitesLocally(TestNG.java:1226)
	at org.testng.TestNG.runSuites(TestNG.java:1144)
	at org.testng.TestNG.run(TestNG.java:1115)
	at org.testng.remote.AbstractRemoteTestNG.run(AbstractRemoteTestNG.java:132)
	at org.testng.remote.RemoteTestNG.initAndRun(RemoteTestNG.java:230)
	at org.testng.remote.RemoteTestNG.main(RemoteTestNG.java:76)
]]>
            </full-stacktrace>
          </exception> <!-- org.openqa.selenium.NoSuchElementException -->
          <reporter-output>
          </reporter-output>
        </test-method> <!-- Edit_Prescription -->
      </class> <!-- Patients.Edit_patient_All -->
    </test> <!-- Default test -->
  </suite> <!-- Default suite -->
</testng-results>
